1735267301|25|65|1.11|44|52
1735270902|25|61|1.24|44|50
1735278786|20|72|0.65|47|53
1735282387|19|73|0.59|48|48
1735285988|19|76|0.53|47|47
1735289589|18|76|0.50|47|47
1735293189|25|58|1.33|45|46
1735296790|26|60|1.34|43|47
1735300391|26|56|1.48|42|46
1735303991|25|59|1.30|41|46
1735307592|26|61|1.31|40|44
1735311192|26|58|1.41|39|44
1735314793|27|62|1.36|37|43
1735318394|27|59|1.46|38|42
1735321995|28|58|1.59|37|44
1735325595|29|63|1.48|36|43
1735329195|28|44|2.12|37|42
1735332796|28|47|2.00|36|39
1735336397|28|50|1.89|34|40
1735339997|28|59|1.55|33|39
1735343598|27|59|1.46|32|40
1735347199|27|63|1.32|32|39
1735350799|26|64|1.21|32|37
1735354400|25|65|1.11|32|38
1735358001|22|75|0.66|34|39
1735361601|21|76|0.60|36|34
1735365202|21|75|0.62|35|32
1735368802|21|77|0.57|35|32
1735372403|20|77|0.54|33|39
1735376004|20|77|0.54|33|31
1735379604|25|65|1.11|30|34
1735383205|25|65|1.11|27|31
1735386805|26|60|1.34|23|35
1735390406|27|57|1.53|20|31
1735394007|27|56|1.57|19|28
1735397607|28|57|1.63|16|31
1735401208|28|56|1.66|15|30
1735404809|29|54|1.84|15|26
1735408409|29|52|1.92|13|28
1735412010|29|53|1.88|13|29
1735415610|29|53|1.88|12|24
1735419211|28|56|1.66|11|26
1735422811|27|62|1.36|74|56
1735426412|27|60|1.43|69|54
1735430012|26|61|1.31|65|51
1735433613|26|63|1.24|64|50
1735437213|26|63|1.24|61|50
1735440814|25|64|1.14|60|48
1735444415|22|74|0.69|60|48
1735448016|22|74|0.69|60|47
1735451617|21|77|0.57|59|46
1735455218|20|79|0.49|58|45
1735458818|20|78|0.51|57|44
1735462419|20|78|0.51|57|46
1735466020|26|61|1.31|54|45
1735469620|25|66|1.08|52|43
1735473221|26|64|1.21|50|44
1735476822|26|63|1.24|48|43
1735480422|27|62|1.36|46|44
1735484022|27|61|1.39|45|42
1735487623|27|56|1.57|44|42
1735491224|28|53|1.78|42|43
1735494824|28|47|2.00|39|41
1735498425|29|46|2.16|36|41
1735502026|29|46|2.16|33|38
1735505627|29|41|2.36|31|39
1735509227|28|42|2.19|30|39
1735512828|28|53|1.78|28|38
1735516429|28|58|1.59|26|35
1735520029|28|58|1.59|24|36
1735523630|28|58|1.59|22|38
1735527230|27|60|1.43|21|35
1735530831|24|68|0.95|22|37
1735534432|23|67|0.93|21|38
1735538033|23|72|0.79|22|31
1735541633|23|71|0.81|21|31
1735545234|23|72|0.79|21|31
1735548834|22|72|0.74|19|37
1735552435|26|62|1.28|17|31
1735556036|26|59|1.38|15|29
1735559637|28|57|1.63|13|31
1735563237|28|57|1.63|11|32
1735566838|28|57|1.63|10|29
1735570439|29|57|1.72|9|27
1735574040|30|58|1.78|76|54
1735577640|29|55|1.80|62|45
1735581241|30|51|2.08|56|45
1735584841|30|48|2.21|51|42
1735588442|30|51|2.08|47|40
1735592043|30|52|2.04|45|41
1735595644|29|57|1.72|43|39
1735599244|29|60|1.60|41|40
1735602845|28|61|1.47|40|39
1735606446|29|61|1.56|38|37
1735610046|29|62|1.52|34|37
1735613647|28|62|1.44|31|38
1735617248|25|68|1.01|32|34
1735620848|24|71|0.87|31|37
1735624449|24|68|0.95|31|33
1735628050|24|68|0.95|30|36
1735631650|23|70|0.84|29|32
1735635251|23|72|0.79|27|37
1735638852|26|63|1.24|24|30
1735642452|26|62|1.28|19|30
1735646053|28|59|1.55|15|32
1735649654|29|59|1.64|12|28
1735653255|30|59|1.74|10|29
1735656855|30|56|1.87|9|27
1735660456|31|53|2.11|8|25
1735664057|31|53|2.11|61|62
1735667658|31|53|2.11|63|52
1735671258|31|51|2.20|60|50
1735674859|31|51|2.20|58|48
1735678459|31|53|2.11|57|47
1735682061|31|53|2.11|56|46
1735685661|30|58|1.78|55|46
1735689262|29|62|1.52|54|46
1735692862|30|62|1.61|53|46
1735696463|30|61|1.66|52|45
1735700064|29|65|1.40|50|43
1735703664|26|76|0.81|51|44
1735707265|25|80|0.63|52|42
1735710866|25|75|0.79|52|45
1735714466|25|70|0.95|51|43
1735718067|25|72|0.89|50|42
1735721667|24|74|0.78|50|41
1735725268|28|66|1.29|47|42
1735728869|29|66|1.36|44|40
1735732469|30|65|1.49|41|39
1735736070|31|65|1.57|37|39
1735739671|31|64|1.62|35|39
1735743271|32|61|1.86|31|37
1735746872|33|58|2.12|28|35
1735750473|33|56|2.22|25|35
1735754073|34|46|2.88|22|34
1735757674|34|48|2.77|20|30
1735761275|33|54|2.32|18|31
1735764875|32|59|1.95|17|30
1735768476|32|49|2.43|16|27
1735772077|31|52|2.16|15|31
1735775677|30|57|1.83|14|25
1735779278|30|58|1.78|13|25
1735782879|29|59|1.64|12|28
1735786479|29|60|1.60|10|24
1735790080|25|67|1.05|10|29
1735793680|24|70|0.89|12|21
1735797281|24|71|0.87|12|20
1735800882|24|73|0.81|11|20
1735804483|23|75|0.70|10|23
1735808084|23|74|0.73|9|24
1735811684|26|62|1.28|8|22
1735815285|27|58|1.50|7|19
1735818886|29|55|1.80|6|17
1735822487|30|48|2.21|5|19
1735826087|30|44|2.38|5|16
1735829688|31|43|2.56|4|19
1735833288|32|43|2.71|4|21
1735836889|32|40|2.86|4|20
1735840490|32|36|3.05|3|18
1735844091|32|37|3.00|4|15
1735847691|32|35|3.09|3|17
1735851292|31|33|3.01|3|15
1735854893|30|34|2.80|3|12
1735858493|29|31|2.77|3|14
1735862094|29|35|2.60|2|15
1735865695|28|37|2.38|3|13
1735869295|29|52|1.92|2|14
1735872896|29|35|2.60|2|0
1735876497|25|49|1.62|1|0
1735880097|28|36|2.42|2|0
1735883698|29|34|2.64|0|0
1735887298|29|37|2.52|1|0
1735890899|29|38|2.48|1|0
1735894499|27|61|1.39|92|0
1735898100|28|53|1.78|76|0
1735901701|22|60|1.06|71|0
1735905301|22|60|1.06|69|0
1735908902|23|55|1.26|67|0
1735912503|24|60|1.19|62|0
1735916104|24|58|1.25|61|0
1735919705|24|61|1.16|59|0
1735923305|30|42|2.46|55|0
1735926906|31|40|2.70|54|0
1735930507|31|39|2.74|53|0
1735934108|31|38|2.79|51|0
1735937708|31|38|2.79|51|0
1735941309|31|37|2.83|48|0
1735944910|31|36|2.88|48|0
1735948511|27|63|1.32|51|0
1735952111|25|64|1.14|48|0
1735955712|25|59|1.30|52|0
1735959313|24|55|1.34|51|0
1735962914|23|56|1.24|51|0
1735966514|23|57|1.21|49|0
1735970115|22|59|1.08|47|0
1735973716|22|61|1.03|49|0
1735977317|21|63|0.92|46|0
1735980917|20|64|0.84|48|0
1735984518|20|64|0.84|47|0
1735988119|28|62|1.44|39|0
1735991720|29|55|1.80|35|0
1735995321|28|46|2.04|35|0
1735998922|29|46|2.16|34|0
1736002522|29|43|2.28|35|0
1736006123|29|41|2.36|32|0
1736009724|30|39|2.59|30|0
1736013325|31|43|2.56|27|0
1736016926|31|44|2.52|25|0
1736020526|31|43|2.56|24|0
1736024127|31|44|2.52|22|0
1736027728|31|45|2.47|20|0
1736031329|31|47|2.38|21|0
1736034929|26|64|1.21|22|0
1736038530|25|64|1.14|27|0
1736042131|24|64|1.07|24|0
1736045732|24|64|1.07|25|0
1736049333|23|65|0.98|25|0
1736052933|23|65|0.98|24|0
1736056534|23|67|0.93|26|0
1736060135|22|67|0.87|26|0
1736063736|22|69|0.82|25|0
1736067337|22|69|0.82|21|0
1736070938|22|69|0.82|21|0
1736074538|29|51|1.96|15|0
1736078139|29|47|2.12|14|0
1736081740|30|45|2.34|10|0
1736085341|31|43|2.56|11|0
1736088942|31|41|2.65|10|0
1736092543|31|40|2.70|8|0
1736096143|30|45|2.34|50|0
1736099744|31|40|2.70|43|0
1736103344|31|41|2.65|39|0
1736106944|31|43|2.56|39|0
1736110545|31|48|2.34|39|0
1736114145|31|46|2.43|39|0
1736117746|30|49|2.17|41|0
1736121347|25|60|1.27|43|0
1736124948|24|62|1.13|45|0
1736128549|24|62|1.13|45|0
1736132150|23|64|1.01|48|0
1736135751|23|64|1.01|47|0
1736139352|23|64|1.01|46|0
1736142952|22|66|0.90|49|0
1736146553|22|68|0.85|46|0
1736150154|22|68|0.85|48|0
1736153755|22|68|0.85|46|0
1736157356|22|66|0.90|45|0
1736160957|28|52|1.81|41|0
1736164557|29|51|1.96|38|0
1736168158|30|48|2.21|38|0
1736171759|30|47|2.25|37|0
1736175360|31|44|2.52|35|0
1736178961|31|41|2.65|35|0
1736182562|32|36|3.05|33|0
1736186162|33|36|3.22|34|0
1736189763|33|34|3.32|30|0
1736193364|33|33|3.37|28|0
1736196965|33|32|3.42|27|0
1736200566|33|25|3.78|25|0
1736204166|32|35|3.09|26|0
1736207767|27|56|1.57|24|0
1736211368|26|64|1.21|26|0
1736214970|25|62|1.20|27|0
1736218571|25|63|1.17|26|0
1736222171|24|63|1.10|27|0
1736225772|24|62|1.13|26|0
1736229373|24|64|1.07|27|0
1736232973|23|67|0.93|26|0
1736236574|23|68|0.90|27|0
1736240175|22|70|0.79|26|0
1736243776|22|67|0.87|26|0
1736247377|29|49|2.04|19|0
1736250978|28|49|1.93|18|0
1736254579|30|47|2.25|14|0
1736258179|30|50|2.12|71|0
1736261780|31|39|2.74|64|0
1736265380|32|37|3.00|59|0
1736268981|33|32|3.42|59|0
1736272582|33|32|3.42|57|0
1736276183|33|39|3.07|56|0
1736279784|33|44|2.82|54|0
1736283385|33|46|2.72|54|0
1736286985|33|45|2.77|54|0
1736290586|32|50|2.38|51|0
1736294187|26|63|1.24|54|0
1736297788|25|66|1.08|56|0
1736301389|25|66|1.08|55|0
1736304989|25|67|1.05|52|0
1736308589|25|68|1.01|54|0
1736312189|25|66|1.08|53|0
1736315789|24|67|0.98|52|0
1736319390|24|68|0.95|52|0
1736322991|23|68|0.90|52|0
1736326592|23|67|0.93|50|0
1736330193|23|64|1.01|50|0
1736333793|29|50|2.00|45|0
1736337394|30|49|2.17|42|0
1736340995|31|48|2.34|40|0
1736344596|32|46|2.57|37|0
1736348197|33|44|2.82|37|0
1736351797|34|43|3.04|32|0
1736355398|34|37|3.36|31|0
1736358999|34|35|3.46|28|0
1736362599|35|29|4.00|25|0
1736366200|35|37|3.55|25|0
1736369801|34|37|3.36|22|0
1736373401|34|37|3.36|21|0
1736377002|33|46|2.72|78|0
1736380602|27|61|1.39|74|0
1736384203|27|63|1.32|70|0
1736387803|27|64|1.28|69|0
1736391403|26|63|1.24|68|0
1736395004|26|65|1.18|67|0
1736398604|26|65|1.18|66|0
1736402204|25|66|1.08|64|0
1736405804|25|59|1.30|65|0
1736409405|24|61|1.16|62|0
1736413005|24|61|1.16|61|0
1736416605|23|63|1.04|60|0
1736420206|29|51|1.96|58|0
1736423806|31|51|2.20|56|0
1736427407|32|51|2.33|54|0
1736431008|32|50|2.38|52|0
1736434609|33|45|2.77|51|0
1736438209|33|40|3.02|49|0
1736441810|34|37|3.36|47|0
1736445411|33|28|3.63|43|0
1736449012|34|22|4.15|42|0
1736452613|34|24|4.05|37|0
1736456214|34|30|3.73|34|0
1736459814|33|30|3.53|31|0
1736463414|35|37|3.55|27|0
1736467015|29|53|1.88|28|0
1736470615|28|59|1.55|29|0
1736474216|28|62|1.44|28|0
1736477817|27|61|1.39|31|0
1736481417|27|60|1.43|27|0
1736485018|27|63|1.32|29|0
1736488619|27|65|1.25|26|0
1736492219|26|65|1.18|28|0
1736495820|25|60|1.27|26|0
1736499420|25|61|1.24|24|0
1736503021|25|63|1.17|26|0
1736506621|29|54|1.84|18|0
1736510222|30|54|1.95|76|0
1736513822|32|51|2.33|72|0
1736517423|32|50|2.38|67|0
1736521023|34|49|2.72|64|0
1736524623|34|45|2.93|61|0
1736528223|34|40|3.20|59|0
1736531824|34|37|3.36|55|0
1736535424|34|35|3.46|52|0
1736539025|34|35|3.46|49|0
1736542625|34|39|3.25|46|0
1736546226|33|44|2.82|44|0
1736549826|33|51|2.47|40|0
1736553427|28|60|1.51|43|0
1736557028|27|60|1.43|44|0
1736560629|27|63|1.32|41|0
1736564229|26|65|1.18|42|0
1736567830|26|66|1.14|41|0
1736571431|26|67|1.11|40|0
1736575031|25|63|1.17|38|0
1736578632|25|65|1.11|39|0
1736582232|25|64|1.14|40|0
1736585832|24|66|1.01|37|0
1736589432|24|67|0.98|38|0
1736593032|30|54|1.95|28|0
1736596632|32|51|2.33|24|0
1736600233|33|48|2.62|18|0
1736603833|32|44|2.67|18|0
1736607434|33|41|2.97|15|0
1736611034|33|39|3.07|13|0
1736614634|33|37|3.17|14|0
1736618235|33|26|3.73|12|0
1736621835|34|23|4.10|10|0
1736625436|34|37|3.36|8|0
1736629036|35|39|3.44|8|0
1736632637|34|41|3.14|7|0
1736636238|33|44|2.82|9|0
1736639838|28|61|1.47|7|0
1736643439|27|60|1.43|12|0
1736647039|27|61|1.39|8|0
1736650640|26|62|1.28|9|0
1736654240|26|63|1.24|12|0
1736657840|26|60|1.34|8|0
1736661441|25|62|1.20|11|0
1736665042|25|62|1.20|9|0
1736668642|25|63|1.17|6|0
1736672244|24|64|1.07|10|0
1736675845|24|64|1.07|9|0
1736679445|29|54|1.84|67|0
1736683046|30|50|2.12|61|0
1736686646|31|49|2.29|55|0
1736690246|31|48|2.34|52|0
1736693846|32|46|2.57|51|0
1736697447|33|44|2.82|48|0
1736701047|33|39|3.07|47|0
1736704647|33|34|3.32|44|0
1736708248|33|41|2.97|41|0
1736711848|34|41|3.14|39|0
1736715449|33|40|3.02|34|0
1736719049|34|40|3.20|33|0
1736722650|34|48|2.77|31|0
1736726250|28|62|1.44|32|0
1736729850|28|63|1.40|32|0
1736733451|28|61|1.47|30|0
1736737052|27|62|1.36|29|0
1736740652|27|60|1.43|31|0
1736744252|27|62|1.36|31|0
1736747852|26|60|1.34|28|0
1736751453|26|59|1.38|30|0
1736755053|25|59|1.30|26|0
1736758653|25|60|1.27|26|0
1736762253|24|60|1.19|26|0
1736765854|29|49|2.04|19|0
1736769455|31|46|2.43|12|0
1736773055|32|45|2.62|12|0
1736776655|33|43|2.87|13|0
1736780256|34|43|3.04|7|0
1736783856|35|40|3.38|7|0
1736787457|35|35|3.66|8|0
1736791057|35|30|3.94|7|0
1736794658|35|31|3.89|7|0
1736798258|35|34|3.72|5|0
1736801858|34|37|3.36|8|0
1736805459|36|30|4.17|4|0
1736809059|36|34|3.93|5|0
1736812660|30|51|2.08|9|0
1736816260|29|56|1.76|4|0
1736819861|28|60|1.51|5|0
1736823462|28|61|1.47|7|0
1736827062|28|60|1.51|5|0
1736830663|27|66|1.21|8|0
1736834263|27|59|1.46|8|0
1736837863|27|61|1.39|3|0
1736841464|25|64|1.14|4|0
1736845064|25|61|1.24|2|0
1736848665|25|63|1.17|6|0
1736852265|29|51|1.96|5|0
1736855865|31|50|2.25|1|0
1736859465|32|48|2.47|1|0
1736863065|33|51|2.47|81|0
1736866665|34|44|2.98|73|0
1736870266|34|38|3.30|66|0
1736873867|34|36|3.41|65|0
1736877467|34|36|3.41|60|0
1736881068|35|36|3.60|56|0
1736884669|35|37|3.55|52|0
1736888269|34|40|3.20|49|0
1736891870|34|38|3.30|45|0
1736895470|35|40|3.38|44|0
1736899071|30|54|1.95|45|0
1736902671|29|58|1.68|45|0
1736906271|29|62|1.52|43|0
1736909872|28|62|1.44|42|0
1736913473|28|66|1.29|42|0
1736917073|28|68|1.21|37|0
1736920673|27|62|1.36|39|0
1736924273|27|60|1.43|36|0
1736927874|26|61|1.31|35|0
1736931474|25|65|1.11|34|0
1736935074|25|67|1.05|37|0
1736938674|32|52|2.28|28|0
1736942275|33|51|2.47|19|0
1736945876|34|48|2.77|19|0
1736949476|35|45|3.10|16|0
1736953076|35|40|3.38|11|0
1736956677|35|35|3.66|13|0
1736960277|36|31|4.11|13|0
1736963878|36|30|4.17|8|0
1736967478|37|27|4.59|8|0
1736971079|37|31|4.34|8|0
1736974679|38|32|4.51|5|0
1736978279|38|30|4.65|8|0
1736981880|38|39|4.05|5|0
1736985481|31|53|2.11|6|0
1736989081|30|55|1.91|11|0
1736992681|29|59|1.64|10|0
1736996281|29|61|1.56|8|0
1736999882|29|65|1.40|7|0
1737003482|29|69|1.24|5|0
1737007082|28|70|1.13|4|0
1737010682|28|61|1.47|7|0
1737014283|28|62|1.44|8|0
1737017884|28|63|1.40|7|0
1737021484|27|64|1.28|8|0
1737025084|33|52|2.42|4|0
1737028685|34|50|2.66|4|0
1737032286|36|47|3.15|2|0
1737035886|37|45|3.46|4|0
1737039486|37|40|3.77|1|0
1737043087|38|40|3.98|2|0
1737046687|38|31|4.58|2|0
1737050288|39|30|4.91|2|0
1737053888|39|26|5.19|1|0
1737057489|38|33|4.45|68|0
1737061090|37|36|4.02|67|0
1737064690|38|38|4.12|61|0
1737068290|37|42|3.65|57|0
1737071891|31|56|1.98|56|0
1737075491|31|54|2.07|55|0
1737079091|30|59|1.74|53|0
1737082691|30|55|1.91|52|0
1737086292|29|57|1.72|50|0
1737089893|29|64|1.44|48|0
1737093493|28|65|1.32|47|0
1737097094|28|65|1.32|48|0
1737107897|27|71|1.03|45|0
1737111497|31|60|1.80|40|0
1737115098|31|57|1.93|39|0
1737118698|32|53|2.24|38|0
1737122298|34|48|2.77|33|0
1737125898|35|52|2.70|29|0
1737129499|35|50|2.82|29|0
1737133100|36|50|2.98|21|0
1737136700|36|49|3.04|22|0
1737140300|35|50|2.82|22|0
1737143901|34|63|1.97|15|0
1737147501|33|61|1.96|16|0
1737151102|33|57|2.17|13|0
1737154702|35|50|2.82|10|0
1737158303|28|58|1.59|12|0
1737162463|28|57|1.63|12|0
1737166063|28|63|1.40|12|0
1737169663|27|66|1.21|17|0
1737173264|27|67|1.18|10|0
1737176865|27|68|1.14|12|0
1737180465|26|68|1.08|11|0
1737184065|26|70|1.01|16|0
1737191266|25|70|0.95|9|0
1737194867|30|58|1.78|12|0
1737198467|31|53|2.11|8|0
1737202067|33|52|2.42|5|0
1737205668|33|52|2.42|3|0
1737209269|34|51|2.61|8|0
1737212869|34|50|2.66|2|0
1737216469|34|49|2.72|7|0
1737220070|31|62|1.71|4|0
1737223671|31|57|1.93|78|0
1737227272|31|57|1.93|74|0
1737230872|32|57|2.05|68|0
1737234472|31|59|1.84|65|0
1737238072|31|60|1.80|63|0
1737241672|29|66|1.36|61|0
1737245272|27|67|1.18|58|0
1737248873|27|66|1.21|58|0
1737252474|27|67|1.18|57|0
1737256074|27|69|1.11|54|0
1737259675|26|72|0.94|55|0
1737263276|26|73|0.91|54|0
1737266877|26|75|0.84|53|0
1737270477|25|75|0.79|55|0
1737274077|25|76|0.76|52|0
1737277678|25|78|0.70|53|0
1737281278|29|66|1.36|52|0
1737284879|28|66|1.29|49|0
1737288479|28|65|1.32|48|0
1737292080|29|66|1.36|44|0
1737295681|29|64|1.44|43|0
1737299281|29|60|1.60|43|0
1737302881|28|62|1.44|39|0
1737306481|28|68|1.21|38|0
1737310081|28|67|1.25|36|0
1737313682|28|65|1.32|35|0
1737317282|27|68|1.14|29|0
1737320882|28|64|1.36|27|0
1737324482|30|59|1.74|24|0
1737328082|25|70|0.95|23|0
1737331683|23|77|0.65|24|0
1737335284|23|79|0.59|31|0
1737338885|23|81|0.53|29|0
1737342485|23|81|0.53|25|0
1737346085|23|81|0.53|24|0
1737349686|23|81|0.53|26|0
1737353286|22|81|0.50|26|0
1737356887|22|80|0.53|23|0
1737360487|22|80|0.53|26|0
1737364088|21|80|0.50|23|0
1737367689|25|67|1.05|23|0
1737371290|26|64|1.21|17|0
1737374891|28|61|1.47|14|0
1737378491|28|59|1.55|12|0
1737382092|29|57|1.72|9|0
1737385692|29|50|2.00|9|0
1737389293|30|50|2.12|11|0
1737392894|30|47|2.25|9|0
1737396495|31|47|2.38|6|0
1737400095|31|47|2.38|5|0
1737403695|31|48|2.34|8|0
1737407296|30|45|2.34|7|0
1737410897|30|45|2.34|8|0
1737414497|27|52|1.71|3|0
1737418097|25|63|1.17|5|0
1737421697|24|61|1.16|5|0
1737425298|23|64|1.01|7|0
1737428899|23|66|0.95|8|0
1737432499|23|65|0.98|9|0
1737436099|23|68|0.90|11|0
1737439700|23|69|0.87|11|0
1737443300|22|71|0.77|3|0
1737446900|22|73|0.71|4|0
1737450501|21|74|0.65|3|0
1737454101|25|64|1.14|4|0
1737457702|28|56|1.66|2|0
1737461302|30|54|1.95|5|0
1737464902|30|52|2.04|6|0
1737468502|31|50|2.25|2|0
1737472103|31|48|2.34|7|0
1737475703|32|47|2.52|1|0
1737479303|33|44|2.82|2|0
1737482903|33|43|2.87|2|0
1737486504|34|41|3.14|3|0
1737490104|34|39|3.25|5|0
1737493705|34|40|3.20|1|0
1737497306|34|46|2.88|67|0
1737500906|29|57|1.72|61|0
1737504506|27|63|1.32|60|0
1737508107|27|66|1.21|56|0
1737511707|26|68|1.08|56|0
1737515308|25|73|0.86|57|0
1737518908|25|75|0.79|54|0
1737522508|25|76|0.76|55|0
1737526108|25|77|0.73|53|0
1737529708|24|77|0.69|52|0
1737533309|24|77|0.69|52|0
1737536909|24|76|0.72|49|0
1737540509|29|62|1.52|48|0
1737544110|29|58|1.68|46|0
1737547710|30|56|1.87|44|0
1737551310|31|53|2.11|41|0
1737554910|32|52|2.28|39|0
1737558510|33|52|2.42|37|0
1737562112|34|48|2.77|36|0
1737565713|35|46|3.04|33|0
1737569313|35|42|3.27|29|0
1737572914|36|41|3.51|26|0
1737576514|36|38|3.69|22|0
1737583248|36|42|3.45|21|0
1737586848|36|42|3.45|18|0
1737590448|30|54|1.95|17|0
1737594049|29|60|1.60|23|0
1737597650|29|60|1.60|19|0
1737601250|29|67|1.32|22|0
1737604850|29|72|1.12|18|0
1737608451|29|72|1.12|19|0
1737612051|28|73|1.02|21|0
1737615651|28|73|1.02|17|0
1737619251|27|73|0.96|17|0
1737622852|27|75|0.89|14|0
1737626452|28|74|0.98|17|0
1737630052|34|56|2.34|9|0
1737633653|35|50|2.82|9|0
1737637254|36|47|3.15|6|0
1737640854|37|45|3.46|4|0
1737644455|37|44|3.52|5|0
1737648055|38|42|3.85|5|0
1737651656|38|39|4.05|6|0
1737655256|39|40|4.20|4|0
1737658856|36|42|3.45|81|0
1737662456|36|43|3.39|68|0
1737666057|36|47|3.15|66|0
1737669657|36|44|3.33|63|0
1737673257|36|53|2.80|59|0
3593|31|63|1.66|56|0
7193|30|64|1.53|55|0
10794|30|63|1.57|53|0
14395|30|64|1.53|53|0
17995|30|67|1.40|49|0
21595|29|70|1.20|51|0
25196|29|66|1.36|48|0
28796|29|64|1.44|47|0
32397|28|76|0.91|48|0
35997|27|76|0.86|49|0
39597|30|67|1.40|45|0
1737718189|29|65|1.40|43|0
1737721789|29|67|1.32|42|0
1737725389|31|63|1.66|39|0
1737728990|32|61|1.86|34|0
1737732591|32|59|1.95|31|0
1737736191|33|59|2.06|26|0
1737739792|33|58|2.12|21|0
1737743393|33|58|2.12|22|0
1737746993|33|58|2.12|17|0
1737750594|32|52|2.28|17|0
1737754194|32|48|2.47|15|0
1737757794|35|47|2.98|9|0
1737761394|28|58|1.59|14|0
1737764995|27|66|1.21|18|0
1737768595|27|70|1.07|18|0
1737772195|26|72|0.94|18|0
1737775795|26|73|0.91|14|0
1737779396|25|74|0.82|15|0
1737782996|25|68|1.01|17|0
1737786597|25|69|0.98|16|0
1737790197|25|60|1.27|16|0
1737793797|24|56|1.31|16|0
1737797397|24|62|1.13|15|0
1737800998|30|43|2.42|13|0
1737804599|32|39|2.90|7|0
1737808200|30|43|2.42|68|0
1737811801|31|43|2.56|60|0
1737815401|32|42|2.76|58|0
1737819001|32|43|2.71|55|0
1737822601|33|44|2.82|52|0
1737826202|34|39|3.25|49|0
1737829802|34|38|3.30|45|0
1737833402|34|37|3.36|44|0
1737837003|34|37|3.36|39|0
1737840603|33|36|3.22|39|0
1737844204|34|40|3.20|35|0
1737847804|29|48|2.08|36|0
1737851405|29|51|1.96|38|0
1737855005|28|52|1.81|37|0
1737858605|28|62|1.44|31|0
1737862205|28|64|1.36|31|0
1737865805|27|63|1.32|31|0
1737869406|27|61|1.39|32|0
1737873006|26|57|1.45|29|0
1737876606|25|61|1.24|34|0
1737880207|25|64|1.14|32|0
1737883808|24|58|1.25|32|0
1737887408|28|46|2.04|26|0
1737891008|29|40|2.40|19|0
1737894609|31|39|2.74|15|0
1737898209|31|31|3.10|13|0
1737901810|33|31|3.47|9|0
1737905410|33|30|3.53|6|0
1737909010|34|29|3.78|4|0
1737912610|35|25|4.22|6|0
1737916211|35|26|4.17|5|0
1737919811|35|27|4.11|6|0
1737923412|34|29|3.78|3|0
1737927012|34|29|3.78|2|0
1737930612|34|27|3.89|6|0
1737934212|30|39|2.59|8|0
1737937812|30|42|2.46|4|0
1737941413|29|45|2.20|5|0
1737945014|29|47|2.12|4|0
1737948614|29|47|2.12|4|0
1737952214|28|48|1.97|6|0
1737955814|28|47|2.00|0|0
1737959415|27|56|1.57|0|0
1737963015|27|59|1.46|5|0
1737966615|26|61|1.31|8|0
1737970215|25|62|1.20|0|0
1737973815|29|46|2.16|1|0
1737977416|31|44|2.52|3|0
1737981017|30|45|2.34|1|0
1737984617|31|46|2.43|0|0
1737988217|32|46|2.57|0|0
1737991817|33|46|2.72|0|0
1737995418|33|47|2.67|2|0
1737999018|34|49|2.72|70|0
1738002618|34|48|2.77|68|0
1738006218|33|54|2.32|64|0
1738009818|33|55|2.27|62|0
1738013419|33|57|2.17|59|0
1738017019|34|58|2.24|57|0
1738020619|29|67|1.32|56|0
1738024219|29|69|1.24|55|0
1738027820|28|71|1.10|53|0
1738031420|28|72|1.06|49|0
1738035021|27|73|0.96|50|0
1738038621|27|74|0.93|48|0
1738042221|27|76|0.86|45|0
1738045822|27|77|0.82|47|0
1738049422|26|79|0.71|47|0
1738053023|25|78|0.70|46|0
1738056623|25|78|0.70|46|0
1738060224|31|62|1.71|41|0
1738063824|31|59|1.84|38|0
1738067424|32|58|2.00|35|0
1738071024|33|55|2.27|32|0
1738074624|33|54|2.32|28|0
1738078225|32|52|2.28|27|0
1738081825|33|52|2.42|23|0
1738085425|33|53|2.37|22|0
1738089025|33|52|2.42|18|0
1738092626|33|52|2.42|14|0
1738096226|33|53|2.37|11|0
1738099826|32|57|2.05|13|0
1738103426|32|59|1.95|10|0
1738107026|29|65|1.40|12|0
1738110626|28|59|1.55|15|0
1738114227|27|59|1.46|12|0
1738121428|26|63|1.24|14|0
1738125028|26|67|1.11|14|0
1738128629|25|69|0.98|8|0
1738139429|24|71|0.87|12|0
1738146629|28|63|1.40|6|0
1738150229|29|61|1.56|3|0
1738157429|31|58|1.89|4|0
1738161030|32|55|2.14|6|0
1738164630|33|51|2.47|5|0
1738168230|33|47|2.67|4|0
1738171830|34|44|2.98|3|0
1738175431|34|44|2.98|0|0
1738179031|34|44|2.98|2|0
1738182631|34|44|2.98|0|0
1738186231|33|47|2.67|2|0
1738189832|35|47|2.98|4|0
1738193432|29|64|1.44|0|0
1738197033|29|66|1.36|6|0
1738200633|28|67|1.25|0|0
1738204234|28|67|1.25|0|0
1738207834|28|67|1.25|0|0
1738211435|27|69|1.11|2|0
1738215035|27|68|1.14|5|0
1738218636|27|68|1.14|5|0
1738222236|27|70|1.07|0|0
1738225837|26|68|1.08|0|0
1738229437|26|68|1.08|4|0
1738233038|32|53|2.24|1|0
1738236638|31|54|2.07|0|0
1738240238|32|50|2.38|0|0
1738243838|30|54|1.95|75|0
1738247439|33|50|2.52|73|0
1738251040|33|49|2.57|70|0
1738254640|33|50|2.52|65|0
1738258240|33|47|2.67|60|0
1738261840|33|45|2.77|52|0
1738265441|33|41|2.97|56|0
1738269041|33|39|3.07|54|0
1738272641|35|48|2.93|43|0
1738276241|34|50|2.66|42|0
1738279841|29|60|1.60|41|0
1738283442|28|63|1.40|43|0
1738287043|28|65|1.32|40|0
1738290643|28|68|1.21|40|0
1738294243|27|66|1.21|39|0
1738297844|27|64|1.28|35|0
1738301444|27|62|1.36|34|0
1738305044|26|63|1.24|37|0
1738308644|25|65|1.11|32|0
1738312244|25|67|1.05|35|0
1738315845|25|69|0.98|31|0
1738319446|28|60|1.51|27|0
1738323046|30|56|1.87|23|0
1738326646|31|53|2.11|22|0
1738330246|32|52|2.28|18|0
1738333847|32|50|2.38|14|0
1738337447|33|49|2.57|15|0
1738341048|33|46|2.72|13|0
1738344649|33|44|2.82|10|0
1738348249|34|41|3.14|10|0
1738351849|34|39|3.25|8|0
1738355449|33|35|3.27|7|0
1738359050|33|39|3.07|7|0
1738362650|32|44|2.67|9|0
1738366251|29|56|1.76|5|0
1738369851|28|62|1.44|6|0
1738373451|28|63|1.40|6|0
1738377052|28|63|1.40|6|0
1738380652|27|66|1.21|4|0
1738384252|27|65|1.25|2|0
1738387852|27|67|1.18|4|0
1738391453|26|68|1.08|6|0
1738395053|25|70|0.95|5|0
1738398653|25|71|0.92|5|0
1738402254|25|72|0.89|2|0
1738405854|28|60|1.51|1|0
1738409455|30|55|1.91|1|0
1738413055|32|52|2.28|5|0
1738416655|33|49|2.57|4|0
1738420256|34|47|2.82|2|0
1738427457|35|40|3.38|0|0
1738431058|35|38|3.49|0|0
1738434659|35|38|3.49|0|0
1738438259|35|39|3.44|0|0
1738441860|35|40|3.38|2|0
1738449060|34|27|3.89|0|0
1738452660|30|42|2.46|5|0
1738456260|30|52|2.04|3|0
1738459861|29|59|1.64|0|0
1738463461|29|61|1.56|0|0
1738467061|29|62|1.52|3|0
1738470661|28|60|1.51|0|0
1738474262|28|59|1.55|0|0
1738477862|28|62|1.44|0|0
1738481462|27|62|1.36|2|0
1738485063|27|64|1.28|0|0
1738488663|26|64|1.21|0|0
1738492263|32|49|2.43|0|0
1738495863|30|55|1.91|69|0
1738499464|32|50|2.38|64|0
1738503064|33|48|2.62|61|0
1738506664|33|46|2.72|57|0
1738510265|34|44|2.98|56|0
1738513866|35|44|3.15|54|0
1738517466|35|41|3.32|53|0
1738521066|35|38|3.49|49|0
1738524666|36|36|3.81|47|0
1738528266|36|33|3.99|44|0
1738531867|35|46|3.04|42|0
1738535467|36|44|3.33|41|0
1738539068|32|58|2.00|38|0
1738542669|31|63|1.66|39|0
1738546269|31|64|1.62|40|0
1738549870|30|64|1.53|39|0
1738553470|30|64|1.53|39|0
1738557070|29|56|1.76|39|0
1738560671|29|53|1.88|36|0
1738564271|28|53|1.78|36|0
1738567871|28|54|1.74|36|0
1738571471|27|57|1.53|33|0
1738575072|27|59|1.46|30|0
1738578672|30|53|2.00|27|0
1738582272|31|52|2.16|22|0
1738585873|33|50|2.52|18|0
1738589473|34|49|2.72|17|0
1738593074|35|51|2.76|38|0
1738596674|36|49|3.04|30|0
1738600274|36|45|3.27|28|0
1738603875|37|42|3.65|27|0
1738610406|37|39|3.84|74|0
1738614006|37|41|3.71|71|0
1738617607|38|45|3.65|69|0
1738621208|37|48|3.27|68|0
1738624808|32|56|2.09|68|0
1738628408|31|58|1.89|65|0
1738632009|30|60|1.70|64|0
1738635609|30|66|1.44|62|0
1738639209|29|68|1.28|62|0
1738642809|29|67|1.32|62|0
1738646409|29|67|1.32|61|0
1738650010|29|62|1.52|59|0
1738653611|28|57|1.63|59|0
1738657211|28|57|1.63|59|0
1738660811|27|60|1.43|59|0
1738664412|32|55|2.14|57|0
1738668013|29|59|1.64|55|0
1738671613|29|63|1.48|53|0
1738675213|29|62|1.52|52|0
1738678814|29|59|1.64|51|0
1738682415|30|60|1.70|47|0
1738686016|31|59|1.84|44|0
1738689616|32|57|2.05|43|0
1738693216|32|54|2.19|41|0
1738696817|32|56|2.09|39|0
1738700418|32|58|2.00|37|0
1738707618|33|60|2.01|33|0
1738711219|28|67|1.25|32|0
1738714819|28|67|1.25|36|0
1738725116|27|70|1.07|31|0
1738728717|27|71|1.03|33|0
1738732317|27|74|0.93|27|0
1738735917|27|75|0.89|31|0
1738743117|26|82|0.61|29|0
1738746717|26|83|0.57|29|0
1738750317|30|70|1.27|25|0
1738753917|29|70|1.20|22|0
1738757518|28|70|1.13|17|0
1738761118|28|71|1.10|19|0
1738764718|28|71|1.10|13|0
1738768318|28|71|1.10|16|0
1738771918|28|71|1.10|11|0
1738775518|28|70|1.13|11|0
1738779118|28|70|1.13|12|0
1738782719|28|68|1.21|10|0
1738786320|28|69|1.17|8|0
1738793521|30|63|1.57|9|0
1738807921|23|80|0.56|10|0
1738833121|22|82|0.48|4|0
1738841493|26|74|0.87|63|0
1738845094|28|66|1.29|58|0
1738848694|28|64|1.36|56|0
1738852294|28|63|1.40|56|0
1738855894|29|62|1.52|53|0
1738859494|30|62|1.61|53|0
1738863095|30|63|1.57|50|0
1738866696|31|60|1.80|49|0
1738870296|31|54|2.07|46|0
1738873897|32|57|2.05|45|0
1738877497|31|58|1.89|42|0
1738881097|32|59|1.95|41|0
1738884697|27|71|1.03|40|0
1738888298|26|74|0.87|41|0
1738891898|25|77|0.73|42|0
1738895498|25|78|0.70|42|0
1738899099|24|79|0.63|37|0
1738902699|24|77|0.69|36|0
1738906299|24|77|0.69|34|0
1738909899|23|78|0.62|34|0
1738913499|23|78|0.62|38|0
1738917100|23|77|0.65|33|0
1738920701|22|77|0.61|33|0
1738924301|28|63|1.40|32|0
1738927901|27|64|1.28|25|0
1738935102|30|60|1.70|21|0
1738938702|31|59|1.84|18|0
1738942303|31|53|2.11|12|0
1738945903|32|47|2.52|14|0
1738949503|32|44|2.67|13|0
1738953103|33|45|2.77|11|0
1738956703|33|46|2.72|12|0
1738960304|33|47|2.67|12|0
1738963904|33|48|2.62|7|0
1738967504|34|52|2.56|4|0
1738971105|29|58|1.68|7|0
1738974705|28|60|1.51|9|0
1738978305|28|61|1.47|4|0
1738981906|28|64|1.36|14|0
1738985506|27|62|1.36|13|0
1738989107|27|60|1.43|4|0
1738992707|26|58|1.41|10|0
1738996308|26|62|1.28|12|0
1738999909|25|64|1.14|5|0
1739003509|25|65|1.11|4|0
1739007109|25|65|1.11|11|0
1739010710|29|53|1.88|3|0
1739014310|29|51|1.96|3|0
1739017910|31|51|2.20|1|0
1739021510|30|60|1.70|66|0
1739025111|31|57|1.93|43|0
1739028711|32|59|1.95|43|0
1739032312|32|61|1.86|43|0
1739035912|32|61|1.86|42|0
1739039513|33|62|1.91|41|0
1739043113|33|63|1.86|41|0
1739046714|33|63|1.86|40|0
1739050315|34|62|2.02|38|0
1739061116|29|77|0.92|41|0
1739064716|29|79|0.84|43|0
1739068316|28|80|0.76|41|0
1739071916|28|80|0.76|39|0
1739075517|27|69|1.11|40|0
1739079117|27|61|1.39|37|0
1739082717|25|60|1.27|41|0
1739086317|25|63|1.17|37|0
1739089918|25|66|1.08|38|0
1739093518|24|74|0.78|36|0
1739097119|28|65|1.32|29|0
1739100719|29|63|1.48|27|0
1739104320|30|62|1.61|21|0
1739107921|29|61|1.56|16|0
1739111521|30|60|1.70|16|0
1739115121|30|60|1.70|13|0
1739118721|30|59|1.74|14|0
1739122322|31|58|1.89|14|0
1739125922|31|58|1.89|11|0
1739129522|31|57|1.93|12|0
1739133123|30|56|1.87|10|0
1739136724|30|56|1.87|11|0
1739140324|30|54|1.95|6|0
1739143925|27|64|1.28|10|0
1739147526|27|68|1.14|14|0
1739151126|27|70|1.07|10|0
1739154726|27|70|1.07|8|0
1739158326|26|70|1.01|6|0
1739161927|26|69|1.04|11|0
1739165527|26|70|1.01|11|0
1739169127|25|72|0.89|11|0
1739172727|25|75|0.79|6|0
1739176327|25|76|0.76|5|0
1739179928|25|78|0.70|10|0
1739183528|31|63|1.66|5|0
1739187129|32|59|1.95|4|0
1739190729|33|58|2.12|5|0
1739194329|33|60|2.01|5|0
1739197930|32|61|1.86|64|0
1739201531|33|61|1.96|60|0
1739205131|33|60|2.01|58|0
1739208731|34|53|2.50|55|0
1739212332|36|45|3.27|50|0
1739215932|36|46|3.21|46|0
1739219533|36|47|3.15|45|0
1739223133|35|47|2.98|42|0
1739226733|35|52|2.70|39|0
1739230334|31|64|1.62|35|0
1739233934|30|68|1.36|36|0
1739237534|30|70|1.27|39|0
1739241134|30|72|1.19|38|0
1739244734|30|73|1.15|37|0
1739248335|29|74|1.04|35|0
1739251935|29|65|1.40|30|0
1739255536|28|62|1.44|30|0
1739259136|28|62|1.44|32|0
1739262737|27|61|1.39|28|0
1739266337|25|62|1.20|29|0
1739269937|29|60|1.60|23|0
1739273537|27|59|1.46|20|0
1739277137|27|63|1.32|15|0
1739280737|27|67|1.18|18|0
1739284338|27|68|1.14|13|0
1739287939|27|67|1.18|7|0
1739291539|28|65|1.32|11|0
1739295139|28|69|1.17|73|0
1739298740|28|66|1.29|66|0
1739302340|28|67|1.25|63|0
1739305940|28|69|1.17|62|0
1739309540|28|72|1.06|61|0
1739313141|30|70|1.27|59|0
1739316741|25|82|0.57|59|0
1739320341|24|84|0.48|58|0
1739323941|24|85|0.45|55|0
1739327542|24|85|0.45|54|0
1739331142|24|85|0.45|53|0
1739334742|24|85|0.45|54|0
1739338342|23|85|0.42|51|0
1739341943|23|85|0.42|53|0
1739345543|23|85|0.42|51|0
1739349143|23|85|0.42|51|0
1739352743|23|85|0.42|49|0
1739356343|28|70|1.13|47|0
1739359943|28|70|1.13|46|0
1739363544|26|71|0.97|46|0
1739367144|26|69|1.04|45|0
1739370745|26|69|1.04|42|0
1739374345|27|68|1.14|41|0
1739377946|27|65|1.25|37|0
1739381546|28|65|1.32|35|0
1739385146|28|63|1.40|32|0
1739388746|28|62|1.44|31|0
1739392346|28|60|1.51|30|0
1739395946|28|61|1.47|25|0
1739399547|28|61|1.47|23|0
1739403147|25|68|1.01|21|0
1739406747|24|71|0.87|26|0
1739410347|24|72|0.84|24|0
1739413947|24|73|0.81|26|0
1739417548|23|74|0.73|21|0
1739421148|23|76|0.67|26|0
1739424748|23|77|0.65|19|0
1739428348|22|78|0.58|18|0
1739431948|22|78|0.58|24|0
1739435549|21|79|0.52|18|0
1739439149|21|79|0.52|22|0
1739442750|27|65|1.25|15|0
1739446350|28|61|1.47|10|0
1739449951|30|60|1.70|10|0
1739453551|29|59|1.64|8|0
1739457151|29|54|1.84|6|0
1739460751|30|52|2.04|5|0
1739464352|30|47|2.25|5|0
1739467952|31|41|2.65|4|0
1739471552|31|33|3.01|3|0
1739475152|31|35|2.92|6|0
1739478752|32|34|3.14|7|0
1739482352|32|36|3.05|5|0
1739485953|32|50|2.38|62|0
1739489553|26|56|1.48|57|0
1739493153|25|62|1.20|56|0
1739496753|24|67|0.98|54|0
1739500353|24|70|0.89|53|0
1739503954|23|69|0.87|53|0
1739507554|23|67|0.93|52|0
1739511155|22|68|0.85|49|0
1739514756|23|65|0.98|50|0
1739518357|22|67|0.87|48|0
1739521957|22|66|0.90|50|0
1739525557|22|67|0.87|47|0
1739529158|27|58|1.50|47|0
1739532758|28|57|1.63|47|0
1739536358|28|54|1.74|46|0
1739539958|28|57|1.63|44|0
1739543559|30|53|2.00|42|0
1739547159|30|53|2.00|40|0
1739550759|30|53|2.00|38|0
1739554359|30|57|1.83|37|0
1739557959|29|60|1.60|34|0
1739561560|29|62|1.52|33|0
1739565160|28|64|1.36|33|0
1739568760|27|64|1.28|30|0
1739572360|27|60|1.43|30|0
1739575960|24|63|1.10|26|0
1739579560|24|62|1.13|31|0
1739583161|23|60|1.12|27|0
1739586761|23|60|1.12|24|0
1739590361|23|61|1.10|30|0
1739593961|22|67|0.87|27|0
1739597562|22|68|0.85|24|0
1739601162|21|70|0.75|21|0
1739604762|21|71|0.72|26|0
1739611963|21|75|0.62|19|0
1739622766|28|59|1.55|11|0
1739626367|29|59|1.64|8|0
1739629967|30|58|1.78|8|0
1739633567|29|61|1.56|9|0
1739637167|29|63|1.48|65|0
1739640767|30|62|1.61|60|0
1739644368|30|63|1.57|56|0
1739647968|30|62|1.61|55|0
1739651568|30|62|1.61|53|0
1739655168|30|62|1.61|50|0
1739658769|32|62|1.81|47|0
1739662370|27|74|0.93|45|0
1739665970|26|77|0.77|45|0
1739669570|25|81|0.60|44|0
1739673171|25|83|0.54|43|0
1739676771|25|83|0.54|44|0
1739680372|25|82|0.57|43|0
1739683972|25|82|0.57|40|0
1739687572|25|82|0.57|40|0
1739691172|24|82|0.54|40|0
1739723578|30|65|1.49|21|0
1739730779|31|48|2.34|14|0
1739741582|32|53|2.24|10|0
1739759587|26|74|0.87|9|0
1739763187|25|75|0.79|12|0
1739791995|28|62|1.44|5|0
1739799196|30|54|1.95|2|0
1739806398|32|45|2.62|1|0
1739809998|33|44|2.82|3|0
1739813600|33|42|2.92|3|0
1739817200|33|40|3.02|3|0
1739820801|33|41|2.97|60|0
1739824401|32|42|2.76|55|0
1739828001|32|41|2.81|51|0
1739831602|33|43|2.87|48|0
1739835202|28|46|2.04|45|0
1739838802|26|58|1.41|45|0
1739842402|25|58|1.33|45|0
1739846003|24|63|1.10|43|0
1739849604|23|61|1.10|42|0
1739853204|22|55|1.19|42|0
1739856804|21|63|0.92|39|0
1739860404|20|60|0.93|39|0
1739864005|20|58|0.98|37|0
1739867605|19|56|0.97|37|0
1739871205|18|62|0.78|34|0
1739874805|25|62|1.20|31|0
1739878406|25|41|1.87|29|0
1739882006|26|39|2.05|28|0
1739885606|25|37|2.00|25|0
1739889207|25|39|1.93|27|0
1739892808|26|38|2.08|21|0
1739896408|27|41|2.10|20|0
1739900008|27|39|2.18|17|0
1739903608|28|40|2.27|15|0
1739907208|28|40|2.27|13|0
1739910809|28|40|2.27|11|0
1739914409|28|45|2.08|10|0
1739918009|29|46|2.16|5|0
1739921609|23|58|1.18|7|0
1739925209|22|62|1.00|11|0
1739928809|22|65|0.92|12|0
1739932410|21|66|0.85|15|0
1739936011|20|67|0.77|13|0
1739939611|20|69|0.72|13|0
1739943211|20|70|0.70|10|0
1739946812|20|72|0.65|14|0
1739950413|20|73|0.63|13|0
1739954013|19|72|0.61|10|0
1739957613|19|73|0.59|12|0
1739961213|25|58|1.33|9|0
1739964813|27|64|1.28|5|0
1739968414|29|64|1.44|5|0
1739972014|28|51|1.85|4|0
1739975614|28|51|1.85|1|0
1739979214|29|50|2.00|5|0
1739982814|28|53|1.78|67|0
1739986415|29|51|1.96|60|0
1739990015|30|47|2.25|59|0
1739993615|30|47|2.25|57|0
1739997215|30|47|2.25|55|0
1740000816|30|50|2.12|54|0
1740004416|31|54|2.07|53|0
1740008016|26|62|1.28|51|0
1740011616|25|63|1.17|52|0
1740015216|25|71|0.92|50|0
1740018817|24|72|0.84|48|0
1740022417|24|72|0.84|50|0
1740026017|24|73|0.81|47|0
1740029617|23|75|0.70|48|0
1740033218|23|74|0.73|45|0
1740036818|23|73|0.76|46|0
1740040419|23|71|0.81|43|0
1740044019|22|70|0.79|45|0
1740047619|28|58|1.59|41|0
1740051220|29|56|1.76|38|0
1740054820|30|56|1.87|35|0
1740058420|30|57|1.83|33|0
1740062020|31|57|1.93|33|0
1740065621|31|54|2.07|31|0
1740069221|32|52|2.28|29|0
1740072821|33|50|2.52|26|0
1740076421|33|49|2.57|23|0
1740080021|34|48|2.77|18|0
1740083621|34|49|2.72|17|0
1740087222|33|50|2.52|17|0
1740090822|34|52|2.56|16|0
1740094423|29|62|1.52|13|0
1740098023|29|66|1.36|13|0
1740101623|28|67|1.25|13|0
1740105224|28|69|1.17|12|0
1740108824|28|70|1.13|17|0
1740112425|27|69|1.11|10|0
1740116026|27|67|1.18|15|0
1740119626|27|66|1.21|17|0
1740123226|27|66|1.21|16|0
1740126826|26|67|1.11|15|0
1740130427|26|69|1.04|9|0
1740134027|29|61|1.56|7|0
1740137627|30|58|1.78|5|0
1740141227|32|57|2.05|7|0
1740144828|33|57|2.17|6|0
1740148428|34|57|2.29|4|0
1740152028|35|58|2.37|5|0
1740155628|35|56|2.48|2|0
1740159228|36|55|2.68|1|0
1740162829|36|54|2.74|0|0
1740166429|34|58|2.24|86|0
1740170030|34|59|2.18|77|0
1740173630|34|61|2.08|72|0
1740177230|34|61|2.08|65|0
1740180830|31|67|1.48|61|0
1740184431|30|67|1.40|60|0
1740188031|30|67|1.40|58|0
1740191631|30|69|1.32|55|0
1740195231|30|72|1.19|56|0
1740198832|29|71|1.16|53|0
1740202432|29|71|1.16|54|0
1740206032|27|74|0.93|53|0
1740209632|27|78|0.78|52|0
1740213232|27|79|0.75|49|0
1740216833|26|81|0.64|48|0
1740220433|31|69|1.39|48|0
1740224033|31|67|1.48|45|0
1740227633|31|68|1.44|44|0
1740231234|31|69|1.39|44|0
1740234834|31|66|1.53|44|0
1740238434|31|66|1.53|39|0
1740242034|31|65|1.57|37|0
1740245635|32|64|1.71|32|0
1740249235|31|65|1.57|30|0
1740252836|32|62|1.81|25|0
1740256436|32|62|1.81|21|0
1740260036|31|66|1.53|22|0
1740263637|30|68|1.36|68|0
1740267237|28|77|0.87|56|0
1740270837|28|76|0.91|51|0
1740274437|27|77|0.82|52|0
1740278038|27|77|0.82|51|0
1740281638|27|76|0.86|49|0
1740285238|26|75|0.84|48|0
1740288838|26|75|0.84|44|0
1740292439|25|74|0.82|46|0
1740296039|25|73|0.86|44|0
1740299639|25|75|0.79|45|0
1740303239|25|76|0.76|41|0
1740306839|28|65|1.32|39|0
1740310440|28|65|1.32|38|0
1740314040|29|63|1.48|35|0
1740317640|30|63|1.57|35|0
1740321240|30|62|1.61|31|0
1740324841|31|61|1.75|29|0
1740328442|32|62|1.81|23|0
1740332042|32|61|1.86|19|0
1740335642|31|65|1.57|62|8
1740339242|31|66|1.53|58|6
1740342843|32|66|1.62|56|4
1740346443|32|67|1.57|55|3
1740350043|34|66|1.81|55|3
1740353643|30|77|0.98|55|1
1740357243|29|78|0.88|51|3
1740360844|29|80|0.80|50|0
1740364444|29|78|0.88|53|0
1740368044|28|77|0.87|50|0
1740371644|28|75|0.95|51|0
1740375245|28|75|0.95|49|0
1740378845|28|75|0.95|49|0
1740382446|28|74|0.98|47|0
1740386046|27|75|0.89|49|0
1740389647|27|75|0.89|46|0
1740393247|30|68|1.36|46|0
1740396848|29|63|1.48|46|0
1740400448|28|67|1.25|43|0
1740404049|28|68|1.21|41|0
1740407649|29|67|1.32|41|0
1740411249|28|70|1.13|40|0
1740414850|28|69|1.17|38|0
1740418450|27|71|1.03|36|0
1740422050|27|71|1.03|34|0
1740425650|28|72|1.06|32|0
1740429251|28|71|1.10|31|0
1740432851|28|71|1.10|29|0
1740436451|30|69|1.32|26|0
1740440051|25|81|0.60|27|0
1740443652|24|83|0.51|30|0
1740447252|24|84|0.48|31|0
1740450852|23|84|0.45|29|0
1740454453|23|85|0.42|23|0
1740458053|23|85|0.42|27|0
1740461653|23|85|0.42|26|0
1740465254|23|86|0.39|20|0
1740468855|23|87|0.37|20|0
1740472455|23|87|0.37|23|0
1740476055|23|88|0.34|19|0
1740479656|26|75|0.84|16|0
1740483256|27|75|0.89|13|0
1740486856|27|73|0.96|12|0
1740490457|27|73|0.96|15|0
1740494057|28|72|1.06|10|0
1740497657|28|70|1.13|11|0
1740501258|27|75|0.89|66|6
1740504858|27|76|0.86|62|3
1740508458|27|79|0.75|59|2
1740512058|27|79|0.75|55|0
1740515659|28|78|0.83|53|0
1740519259|28|78|0.83|53|0
1740522859|27|79|0.75|50|0
1740526459|26|88|0.40|50|0
1740530060|25|91|0.29|47|0
1740533660|25|93|0.22|46|0
1740537260|25|93|0.22|49|0
1740540861|24|93|0.21|48|0
1740544461|24|93|0.21|46|0
1740548061|24|93|0.21|44|0
1740551662|23|93|0.20|43|0
1740555262|23|93|0.20|46|0
1740558862|23|93|0.20|46|0
1740562462|23|94|0.17|45|0
1740566063|28|79|0.79|42|0
1740569663|30|75|1.06|42|0
1740573263|30|75|1.06|40|0
1740576864|29|77|0.92|37|0
1740580464|29|76|0.96|38|0
1740584064|29|75|1.00|36|0
1740587665|30|72|1.19|34|0
1740591265|29|68|1.28|33|0
1740594865|29|65|1.40|34|0
1740598465|29|63|1.48|29|0
1740602066|29|55|1.80|27|0
1740605666|29|55|1.80|25|0
1740609266|30|56|1.87|25|0
1740612867|26|68|1.08|18|0
1740616468|25|74|0.82|25|0
1740620068|24|77|0.69|18|0
1740623669|24|79|0.63|23|0
1740627269|24|81|0.57|19|0
1740630869|24|79|0.63|17|0
1740634469|24|78|0.66|19|0
1740638070|24|79|0.63|14|0
1740641670|24|80|0.60|13|0
1740645270|24|82|0.54|18|0
1740648871|24|83|0.51|20|0
1740652471|29|69|1.24|16|0
1740656071|29|67|1.32|13|0
1740659672|30|67|1.40|6|0
1740663272|30|67|1.40|9|0
1740666872|28|70|1.13|8|0
1740670472|27|77|0.82|66|5
1740674073|29|73|1.08|58|2
1740677673|30|73|1.15|56|0
1740681273|30|72|1.19|54|0
1740684874|30|71|1.23|54|0
1740688474|31|70|1.35|52|0
1740692074|31|71|1.30|51|0
1740695675|32|70|1.43|50|0
1740699275|27|83|0.61|51|0
1740702876|27|85|0.53|47|0
1740706476|27|86|0.50|48|0
1740710077|27|88|0.43|45|0
1740713677|27|90|0.36|47|0
1740717277|26|90|0.34|44|0
1740720878|26|90|0.34|44|0
1740724478|26|89|0.37|47|0
1740728078|26|91|0.30|45|0
1740731679|26|92|0.27|46|0
1740735279|25|92|0.25|46|0
1740738879|30|77|0.98|41|0
1740742479|31|76|1.08|40|0
1740746079|29|79|0.84|42|0
1740749680|29|80|0.80|38|0
1740753280|28|79|0.79|41|0
1740756880|28|79|0.79|37|0
1740760481|28|80|0.76|35|0
1740764081|29|78|0.88|32|0
1740767681|30|76|1.02|31|0
1740771282|30|75|1.06|31|0
1740774882|29|76|0.96|27|0
1740778482|29|77|0.92|24|0
1740782083|31|74|1.17|24|0
1740785683|27|87|0.46|20|0
1740789283|26|89|0.37|20|0
1740792883|26|92|0.27|26|0
1740796484|25|92|0.25|19|0
1740800084|25|92|0.25|19|0
1740803684|25|91|0.29|25|0
1740807285|24|91|0.27|26|0
1740810885|24|91|0.27|24|0
1740814485|24|92|0.24|20|0
1740818086|24|92|0.24|19|0
1740821686|24|93|0.21|19|0
1740825286|29|76|0.96|15|0
1740828887|29|72|1.12|13|0
1740832488|29|71|1.16|10|0
1740836088|30|71|1.23|10|0
1740839689|28|74|0.98|8|0
1740843289|28|73|1.02|13|0
1740846889|29|72|1.12|8|0
1740850489|28|76|0.91|63|8
1740854090|28|76|0.91|59|5
1740857690|29|74|1.04|54|3
1740861290|29|73|1.08|52|0
1740864890|29|74|1.04|49|0
1740868491|31|71|1.30|49|0
1740872091|26|83|0.57|50|0
1740875691|25|87|0.41|46|0
1740879292|25|89|0.35|48|0
1740882892|25|90|0.32|45|0
1740886492|24|90|0.30|44|0
1740890093|24|90|0.30|46|0
1740893693|24|91|0.27|45|0
1740897293|24|91|0.27|43|0
1740900894|23|91|0.25|45|0
1740904494|23|92|0.22|44|0
1740908095|23|93|0.20|42|0
1740911695|29|77|0.92|41|0
1740915296|29|75|1.00|38|0
1740918896|29|75|1.00|37|0
1740922497|30|74|1.10|37|0
1740926097|27|78|0.78|38|0
1740929697|27|78|0.78|38|0
1740933298|27|78|0.78|32|0
1740936898|26|83|0.57|32|0
1740940499|26|79|0.71|31|0
1740944099|25|79|0.67|29|0
1740947699|27|74|0.93|30|0
1740951299|26|74|0.87|23|0
1740954900|28|71|1.10|24|0
1740958500|23|87|0.37|25|0
1740962100|23|90|0.28|27|0
1740965701|23|92|0.22|25|0
1740969301|23|93|0.20|18|0
1740972901|23|94|0.17|24|0
1740976502|23|94|0.17|17|0
1740980102|23|94|0.17|24|0
1740983703|23|95|0.14|15|0
1740987303|23|95|0.14|17|0
1740990903|23|96|0.11|14|0
1740994503|23|96|0.11|20|0
1740998104|29|79|0.84|15|0
1741001704|29|76|0.96|11|0
1741005304|29|76|0.96|12|0
1741008905|30|76|1.02|8|0
1741012505|27|81|0.68|11|0
1741016105|27|81|0.68|7|0
1741019706|27|81|0.68|9|0
1741023306|27|81|0.68|10|0
1741026906|27|82|0.64|6|0
1741030507|28|80|0.76|4|0
1741034107|27|87|0.46|79|0
1741037707|27|84|0.57|57|6
1741041308|30|78|0.93|54|4
1741044909|25|92|0.25|51|3
1741048509|24|94|0.18|52|2
1741052110|24|95|0.15|49|5
1741055710|24|95|0.15|48|4
1741059310|23|96|0.11|49|3
1741062910|23|96|0.11|49|1
1741066511|23|95|0.14|50|0
1741070111|23|96|0.11|48|0
1741073712|23|96|0.11|47|0
1741077312|22|96|0.11|45|1
1741080912|22|97|0.08|45|0
1741084513|28|79|0.79|46|0
1741088113|29|77|0.92|46|0
1741091713|29|78|0.88|46|0
1741095314|30|78|0.93|45|0
1741098914|30|78|0.93|45|0
1741102514|29|78|0.88|43|0
1741106115|28|78|0.83|43|0
1741109715|29|75|1.00|40|0
1741113315|29|75|1.00|38|0
1741116916|29|74|1.04|37|0
1741120516|30|73|1.15|37|0
1741124117|29|71|1.16|37|0
1741127717|31|72|1.26|31|0
1741131317|26|86|0.47|31|0
1741134918|25|90|0.32|34|0
1741138518|25|91|0.29|34|0
1741142118|25|93|0.22|35|0
1741145718|25|94|0.19|35|0
1741149319|25|95|0.16|32|0
1741152919|24|95|0.15|30|0
1741156520|24|96|0.12|31|0
1741160120|24|97|0.09|29|0
1741163720|24|97|0.09|28|0
1741167321|24|97|0.09|28|0
1741170921|29|78|0.88|22|0
1741174521|31|78|0.99|19|0
1741178122|32|77|1.09|18|0
1741181722|33|75|1.26|17|0
1741185322|34|73|1.44|16|0
1741188922|34|71|1.54|14|0
1741192523|34|68|1.70|11|0
1741196123|33|73|1.36|57|2
1741199724|33|72|1.41|55|0
1741203324|34|66|1.81|54|0
1741206924|34|74|1.38|52|0
1741210525|34|75|1.33|52|0
1741214125|35|74|1.46|52|0
1741217725|30|87|0.55|49|0
1741221325|30|88|0.51|52|0
1741224926|29|90|0.40|47|0
1741228526|29|91|0.36|47|0
1741232127|29|91|0.36|50|0
1741235727|28|91|0.34|47|0
1741239327|28|89|0.42|45|0
1741242928|28|90|0.38|48|0
1741246528|28|91|0.34|44|0
1741250128|28|93|0.26|43|0
1741253729|27|94|0.21|43|0
1741257329|32|79|1.00|43|0
1741260929|30|77|0.98|44|0
1741268131|31|75|1.12|42|0
1741275333|33|74|1.31|38|0
1741278933|33|75|1.26|37|0
1741282534|33|76|1.21|37|0
1741286135|34|75|1.33|35|0
1741289735|34|74|1.38|35|0
1741293336|34|73|1.44|32|0
1741296936|34|71|1.54|30|0
1741300583|33|73|1.36|29|0
1741304184|31|83|0.76|29|0
1741307784|30|85|0.64|32|0
1741311384|30|86|0.59|31|0
1741314985|30|86|0.59|25|0
1741318585|30|85|0.64|29|0
1741322185|29|83|0.68|30|0
1741325786|29|83|0.68|26|0
1741329386|29|81|0.76|25|0
1741332986|28|81|0.72|28|0
1741336586|28|80|0.76|22|0
1741340187|28|79|0.79|19|0
1741343788|30|69|1.32|23|0
1741347388|31|68|1.44|17|0
1741350989|32|66|1.62|17|0
1741354589|33|66|1.71|15|0
1741358189|34|64|1.92|12|0
1741361789|33|69|1.56|67|2
1741365390|33|67|1.66|63|0
1741368990|33|67|1.66|61|0
1741372590|34|66|1.81|60|0
1741376191|34|65|1.86|57|0
1741379791|34|65|1.86|57|0
1741383391|34|65|1.86|55|0
1741386991|33|67|1.66|53|0
1741390592|31|79|0.94|52|0
1741394192|30|79|0.89|50|0
1741397793|30|80|0.85|48|0
1741401393|30|79|0.89|51|0
1741404993|28|68|1.21|45|0
1741408594|27|74|0.93|48|0
1741412194|25|76|0.76|44|0
1741415795|24|79|0.63|46|0
1741419396|24|82|0.54|42|0
1741422996|23|83|0.48|44|0
1741426596|23|86|0.39|44|0
1741430197|28|74|0.98|38|0
1741433797|28|73|1.02|38|0
1741437397|28|73|1.02|39|0
1741440998|28|73|1.02|39|0
1741444598|26|74|0.87|37|0
1741448199|25|78|0.70|39|0
1741451799|25|80|0.63|35|0
1741455399|26|70|1.01|33|0
1741458999|26|66|1.14|35|0
1741462600|26|54|1.55|30|0
1741466200|26|52|1.61|30|0
1741469801|25|58|1.33|31|0
1741473401|26|60|1.34|25|0
1741477002|21|73|0.67|29|0
1741480602|20|74|0.61|25|0
1741484203|20|76|0.56|27|0
1741487803|20|76|0.56|27|0
1741491403|20|76|0.56|23|0
1741495004|19|71|0.64|27|0
1741498604|19|72|0.61|22|0
1741502204|18|72|0.58|24|0
1741505805|18|73|0.56|20|0
1741509405|17|74|0.50|28|0
1741513006|17|75|0.48|26|0
1741516606|26|64|1.21|20|0
1741520206|25|64|1.14|16|0
1741523807|25|56|1.39|12|0
1741527407|25|52|1.52|10|0
1741531007|25|50|1.58|16|0
1741534608|26|47|1.78|13|0
1741538208|25|50|1.58|10|0
1741541809|25|49|1.62|8|0
1741545409|26|47|1.78|67|0
1741549009|26|49|1.71|63|0
1741552610|25|49|1.62|63|0
1741556210|25|51|1.55|58|0
1741559811|25|58|1.33|55|0
1741563412|20|72|0.65|54|0
1741567012|19|74|0.57|56|0
1741570613|19|76|0.53|52|0
1741574213|18|77|0.47|51|0
1741577813|18|78|0.45|51|0
1741581414|18|79|0.43|53|0
1741585014|18|80|0.41|51|0
1741588615|18|82|0.37|50|0
1741592215|18|81|0.39|49|0
1741595816|17|80|0.39|52|0
1741599416|17|79|0.41|48|0
1741603016|25|65|1.11|50|0
1741606617|26|60|1.34|52|0
1741610217|25|51|1.55|52|0
1741613818|26|54|1.55|51|0
1741617418|26|54|1.55|53|0
1741621018|25|56|1.39|50|0
1741624619|25|54|1.46|52|0
1741628219|26|56|1.48|49|0
1741631819|26|54|1.55|49|0
1741635420|27|54|1.64|48|0
1741639020|27|54|1.64|48|0
1741642621|27|56|1.57|45|0
1741646222|27|60|1.43|46|0
1741649822|22|71|0.77|48|0
1741653423|21|75|0.62|45|0
1741657024|21|78|0.55|43|0
1741660624|20|80|0.47|42|0
1741664224|20|79|0.49|42|0
1741667825|20|81|0.44|44|0
1741671425|20|82|0.42|42|0
1741675025|20|83|0.40|41|0
1741678626|20|83|0.40|43|0
1741682226|20|82|0.42|40|0
1741685827|19|80|0.44|39|0
1741689427|26|56|1.48|38|0
1741693027|25|63|1.17|40|0
1741696628|26|61|1.31|38|0
1741700228|25|59|1.30|37|0
1741703829|25|66|1.08|73|0
1741707429|25|68|1.01|62|0
1741711030|25|66|1.08|60|0
1741714630|25|63|1.17|57|0
1741718230|25|63|1.17|57|0
1741721831|25|58|1.33|57|0
1741725431|25|57|1.36|57|0
1741729031|25|54|1.46|56|0
1741732632|27|57|1.53|56|0
1741736232|21|60|0.99|57|0
1741739833|20|62|0.89|52|0
1741743433|19|67|0.72|54|0
1741747034|19|72|0.61|54|0
1741750634|19|70|0.66|53|0
1741754235|19|72|0.61|52|0
1741757835|19|73|0.59|52|0
1741761435|19|71|0.64|53|0
1741765036|18|71|0.60|53|0
1741768637|18|70|0.62|53|0
1741772237|18|69|0.64|50|0
1741775837|27|60|1.43|52|0
1741779438|26|60|1.34|53|0
1741783038|25|56|1.39|52|0
1741786638|25|62|1.20|54|0
1741790239|25|52|1.52|53|0
1741793839|25|50|1.58|53|0
1741797440|26|50|1.68|50|0
1741801040|26|48|1.75|51|0
1741804640|26|47|1.78|50|0
1741808241|25|48|1.65|49|0
1741811841|26|50|1.68|48|0
1741815442|26|50|1.68|49|0
1741819042|27|60|1.43|48|0
1741822642|20|70|0.70|50|0
1741826243|20|68|0.75|47|0
1741829843|19|69|0.68|48|0
1741833444|18|72|0.58|43|0
1741837044|18|73|0.56|46|0
1741840645|18|75|0.52|43|0
1741844245|17|75|0.48|43|0
1741847846|17|77|0.45|41|0
1741851446|17|77|0.45|40|0
1741855047|16|78|0.40|44|0
1741858647|16|79|0.38|42|0
1741862247|25|57|1.36|41|0
1741865848|26|62|1.28|41|0
1741869449|25|61|1.24|40|0
1741873049|25|64|1.14|41|0
1741876649|25|52|1.52|41|0
1741880250|25|50|1.58|42|0
1741883850|26|57|1.45|66|2
1741887451|25|61|1.24|63|0
1741891051|25|58|1.33|60|0
1741894652|26|65|1.18|58|0
1741898252|26|56|1.48|58|0
1741901852|26|61|1.31|58|0
1741905453|26|60|1.34|58|0
1741909054|19|64|0.79|56|0
1741912654|18|68|0.66|56|0
1741916254|18|71|0.60|53|0
1741919855|17|72|0.54|52|0
1741923455|17|73|0.52|52|0
1741927056|16|74|0.47|54|0
1741930656|16|74|0.47|53|0
1741934257|16|75|0.45|50|0
1741937857|15|76|0.41|51|0
1741941458|15|77|0.39|51|0
1741945058|15|78|0.37|53|0
1741948659|25|64|1.14|52|0
1741952259|26|55|1.51|54|0
1741955860|25|61|1.24|54|0
1741959460|26|56|1.48|54|0
1741963061|25|65|1.11|54|0
1741966661|25|58|1.33|54|0
1741970262|26|58|1.41|54|0
1741973862|26|58|1.41|56|0
1741977463|25|62|1.20|54|0
1741981063|25|56|1.39|54|0
1741984663|26|56|1.48|53|0
1741988264|26|59|1.38|53|0
1741991864|26|60|1.34|52|0
1741995465|21|76|0.60|55|0
1741999065|20|79|0.49|50|0
1742002666|20|81|0.44|50|0
1742006266|19|82|0.40|49|0
1742009867|19|82|0.40|51|0
1742013467|18|83|0.35|48|0
1742017068|18|83|0.35|49|0
1742020668|18|83|0.35|49|0
1742024269|17|83|0.33|49|0
1742027869|17|83|0.33|47|0
1742031470|17|83|0.33|46|0
1742035070|24|58|1.25|46|0
1742038671|26|57|1.45|45|0
1742042271|25|65|1.11|76|0
1742045872|26|60|1.34|64|0
1742049472|26|62|1.28|63|0
1742053073|25|56|1.39|61|0
1742056673|26|53|1.58|61|0
1742060274|27|54|1.64|61|0
1742063874|27|52|1.71|61|0
1742067475|27|51|1.75|61|0
1742071075|27|53|1.68|61|0
1742074676|26|57|1.45|61|0
1742078276|27|61|1.39|60|0
1742081877|22|75|0.66|60|0
1742085477|21|77|0.57|59|0
1742089077|21|79|0.52|60|0
1742092678|21|81|0.47|57|0
1742096278|21|80|0.50|56|0
1742099879|21|82|0.45|58|0
1742103479|20|84|0.37|56|0
1742107080|20|86|0.33|58|0
1742110680|20|87|0.30|57|0
1742114281|20|87|0.30|57|0
1742117881|20|86|0.33|56|0
1742121482|25|64|1.14|57|0
1742125082|24|64|1.07|56|0
1742128683|24|67|0.98|58|0
1742132283|25|67|1.05|58|0
1742135884|26|65|1.18|57|0
1742139485|25|69|0.98|56|0
1742143086|26|64|1.21|57|0
1742146686|27|60|1.43|56|0
1742150287|26|65|1.18|55|0
1742153887|27|63|1.32|56|0
1742157487|27|61|1.39|56|0
1742161088|27|61|1.39|55|0
1742164688|29|64|1.44|53|0
1742168289|23|77|0.65|54|0
1742171889|23|78|0.62|52|0
1742175490|23|81|0.53|54|0
1742179090|22|82|0.48|52|0
1742182691|22|84|0.42|54|0
1742186291|21|85|0.37|51|0
1742189892|21|86|0.35|50|0
1742193492|21|86|0.35|50|0
1742197093|21|87|0.32|52|0
1742200693|21|86|0.35|53|0
1742204294|20|87|0.30|52|0
1742207894|26|66|1.14|49|0
1742211495|25|69|0.98|51|0
1742215095|26|65|1.18|49|0
1742218696|27|67|1.18|48|0
1742222296|27|63|1.32|49|0
1742225897|28|62|1.44|49|0
1742229497|29|60|1.60|49|0
1742233097|29|59|1.64|48|0
1742236698|29|65|1.40|46|0
1742240299|28|62|1.44|67|0
1742243899|28|60|1.51|65|0
1742247499|28|61|1.47|64|0
1742251100|30|60|1.70|64|0
1742254701|25|73|0.86|64|0
1742258301|24|78|0.66|63|0
1742261901|23|82|0.51|63|0
1742265502|23|84|0.45|61|0
1742269102|23|86|0.39|61|0
1742272703|22|87|0.34|61|0
1742276303|22|88|0.32|61|0
1742279904|22|87|0.34|62|0
1742283504|21|88|0.30|61|0
1742287105|21|88|0.30|59|0
1742290705|21|88|0.30|61|0
1742294306|25|71|0.92|61|0
1742297906|25|72|0.89|60|0
1742301507|28|67|1.25|61|0
1742305107|28|70|1.13|60|0
1742308708|28|70|1.13|61|0
1742312309|29|69|1.24|61|0
1742315909|30|68|1.36|61|0
1742319510|30|64|1.53|61|0
1742323110|31|63|1.66|59|0
1742326710|31|59|1.84|60|0
1742330311|30|64|1.53|58|0
1742333911|30|65|1.49|59|0
1742337512|31|65|1.57|58|0
1742341112|26|76|0.81|56|0
1742344713|25|78|0.70|56|0
1742348313|24|79|0.63|53|0
1742351914|24|79|0.63|52|0
1742355514|24|81|0.57|51|0
1742359115|23|82|0.51|51|0
1742362715|23|81|0.53|53|0
1742366315|23|82|0.51|53|0
1742369916|23|83|0.48|50|0
1742373517|23|84|0.45|53|0
1742377117|23|85|0.42|49|0
1742380717|28|71|1.10|49|0
1742384318|27|69|1.11|49|0
1742387918|28|67|1.25|48|0
1742391519|28|67|1.25|51|0
1742395119|30|66|1.44|50|0
1742398720|29|70|1.20|74|0
1742402320|29|67|1.32|73|0
1742405921|30|65|1.49|71|0
1742409521|30|63|1.57|69|0
1742416723|30|59|1.74|68|0
1742420323|30|57|1.83|68|0
1742423924|31|62|1.71|68|0
1742427524|27|72|1.00|66|0
1742431125|26|73|0.91|65|0
1742434725|25|77|0.73|64|0
1742438326|25|78|0.70|62|0
1742441926|24|79|0.63|63|0
1742445527|24|80|0.60|63|0
1742449127|23|81|0.53|60|0
1742452728|23|82|0.51|59|0
1742456328|22|83|0.45|61|0
1742459929|22|84|0.42|60|0
1742463529|22|84|0.42|58|0
1742467130|26|70|1.01|59|0
1742470730|26|70|1.01|58|0
1742474331|27|65|1.25|59|0
1742477931|28|64|1.36|58|0
1742481531|29|62|1.52|58|0
1742485132|30|58|1.78|58|0
1742488732|31|57|1.93|58|0
1742492333|31|56|1.98|57|0
1742495933|32|54|2.19|57|0
1742499534|32|52|2.28|57|0
1742503134|32|51|2.33|56|0
1742506735|32|52|2.28|55|0
1742510335|30|62|1.61|53|0
1742513936|27|73|0.96|53|0
1742517537|26|74|0.87|53|0
1742521137|25|76|0.76|54|0
1742524738|25|76|0.76|50|0
1742528338|24|76|0.72|53|0
1742531939|24|77|0.69|49|0
1742535539|23|77|0.65|50|0
1742539140|23|79|0.59|51|0
1742542740|23|79|0.59|49|0
1742546341|22|79|0.55|51|0
1742549941|22|80|0.53|49|0
1742553542|27|67|1.18|47|0
1742557142|28|65|1.32|46|0
1742560743|30|62|1.61|44|0
1742564343|27|68|1.14|73|0
1742567944|28|66|1.29|70|0
1742571544|29|66|1.36|67|0
1742575144|29|65|1.40|64|0
1742578745|30|63|1.57|65|0
1742582345|30|62|1.61|65|0
1742585945|30|60|1.70|64|0
1742589546|30|59|1.74|63|0
1742593147|30|58|1.78|62|0
1742596747|30|61|1.66|61|0
1742600348|27|73|0.96|61|0
1742603948|27|77|0.82|61|0
1742618351|26|79|0.71|60|0
1742621951|25|76|0.76|57|0
1742625552|25|76|0.76|58|0
1742629152|25|76|0.76|58|0
1742632753|24|76|0.72|57|0
1742636353|24|77|0.69|58|0
1742639954|29|64|1.44|56|0
1742643554|29|64|1.44|57|0
1742647155|27|66|1.21|56|0
1742654356|28|61|1.47|55|0
1742665158|28|69|1.17|54|0
1742686762|25|77|0.73|50|0
1742690362|24|81|0.57|50|0
1742693963|24|81|0.57|51|0
1742697564|24|84|0.48|50|0
1742737173|26|76|0.81|42|0
1742740774|25|80|0.63|40|0
1742747975|25|79|0.67|40|0
1742762377|25|76|0.76|69|0
1742765978|25|75|0.79|67|0
1742773179|22|85|0.40|65|0
1742801986|21|88|0.30|60|0
1742823592|27|75|0.89|60|0
1742830793|26|75|0.84|59|0
1742834394|26|75|0.84|59|0
1742837994|26|74|0.87|57|0
1742845196|25|76|0.76|55|0
1742848796|25|78|0.70|54|0
1742859598|22|87|0.34|55|0
1742863198|22|89|0.29|55|0
1742866799|22|89|0.29|53|0
1742870399|21|88|0.30|53|0
1742874000|21|89|0.27|52|0
1742877600|21|88|0.30|53|0
1742881200|21|87|0.32|51|0
1742892002|20|86|0.33|47|0
1742899203|24|65|1.04|49|0
1742910006|26|64|1.21|47|0
1742913606|25|69|0.98|48|0
1742928010|26|67|1.11|62|0
1742931610|26|66|1.14|61|0
1742935210|26|65|1.18|61|0
1742938811|25|65|1.11|61|0
1742942411|27|65|1.25|62|0
1742992824|26|66|1.14|58|0
1742996425|25|72|0.89|58|0
1743003627|26|69|1.04|58|0
1743093683|30|70|1.27|52|0
1743108085|28|64|1.36|72|0
1743111685|29|66|1.36|68|0
1743115286|31|66|1.53|65|0
1743118886|26|78|0.74|65|0
1743122487|25|84|0.51|63|0
1743126087|25|91|0.29|65|0
1743129687|24|87|0.39|64|0
1743133288|23|88|0.34|62|0
1743136888|23|89|0.31|62|0
1743140488|23|90|0.28|61|0
1743144089|23|90|0.28|63|0
1743147690|22|91|0.24|62|0
1743151290|22|92|0.21|60|0
1743154891|22|92|0.21|61|0
1743172901|28|75|0.95|62|0
1743176501|27|75|0.89|61|0
1743180102|28|73|1.02|60|0
1743183702|27|70|1.07|60|0
1743187303|28|69|1.17|59|0
1743190903|28|66|1.29|58|0
1743194504|28|65|1.32|58|0
1743198104|28|65|1.32|57|0
1743201705|29|63|1.48|57|0
1743205305|23|74|0.73|56|0
1743208906|23|78|0.62|57|0
1743244915|26|63|1.24|52|0
1743248515|25|70|0.95|51|0
1743252116|26|69|1.04|82|0
1743255717|25|71|0.92|69|0
1743266520|27|60|1.43|66|0
1743270121|27|55|1.60|66|0
1743273721|28|58|1.59|65|0
1743277322|28|57|1.63|65|0
1743284523|27|63|1.32|64|0
1743288124|29|66|1.36|63|0
1743291725|23|80|0.56|64|0
1743295325|22|87|0.34|63|0
1743298926|22|91|0.24|63|0
1743306127|22|90|0.26|61|0
1743309728|22|85|0.40|61|0
1743313329|21|82|0.45|60|0
1743320531|21|81|0.47|61|0
1743349339|29|66|1.36|61|0
1743352939|30|67|1.40|63|0
1743356540|31|67|1.48|62|0
1743360141|31|65|1.57|63|0
1743363741|31|66|1.53|63|0
1743367341|31|67|1.48|64|0
1743370942|31|68|1.44|64|0
1743374542|31|69|1.39|64|0
1743378142|26|75|0.84|63|0
1743421353|25|57|1.36|56|0
1743424954|25|60|1.27|56|0
1743432156|26|58|1.41|57|0
1743471767|18|76|0.50|61|0
1743475368|18|77|0.47|61|0
1743500575|14|75|0.40|58|0
1743504175|25|61|1.24|59|0
1743507775|21|56|1.09|59|0
1743511376|23|54|1.29|60|0
1743514976|23|53|1.32|60|0
1743518577|24|54|1.37|62|0
1743522177|25|52|1.52|62|0
1743525777|25|53|1.49|63|0
1743529378|25|52|1.52|62|0
1743532978|26|48|1.75|63|0
1743536579|25|48|1.65|62|0
1743540179|26|61|1.31|62|0
1743543780|19|63|0.81|0|0
1743547381|18|69|0.64|0|0
1743550981|18|75|0.52|0|0
1743554582|18|79|0.43|0|0
1743558182|18|81|0.39|0|0
1743561783|18|83|0.35|0|0
1743565383|17|84|0.31|0|0
1743568984|17|84|0.31|0|0
1743572584|17|86|0.27|0|0
1743576185|16|85|0.27|0|0
1743579785|16|85|0.27|0|0
1743583386|16|85|0.27|0|0
1743586986|15|85|0.26|0|0
1743590587|15|86|0.24|0|0
1743594187|16|90|0.18|0|0
1743608589|21|69|0.77|0|0
1743619392|22|60|1.06|0|0
1743626635|22|61|1.03|0|0
1743630236|21|63|0.92|0|0
1743633837|20|68|0.75|0|0
1743637438|20|73|0.63|0|0
1743641038|19|74|0.57|0|0
1743644638|18|79|0.43|0|0
1743648239|18|80|0.41|0|0
1743651839|18|80|0.41|0|0
1743655440|17|79|0.41|0|0
1743659041|17|79|0.41|0|0
1743662641|17|78|0.43|0|0
1743666242|17|77|0.45|0|0
1743669842|16|78|0.40|0|0
1743673443|16|79|0.38|0|0
1743677043|16|80|0.36|0|0
1743680644|16|76|0.44|0|0
1743687845|18|71|0.60|0|0
1743691446|19|63|0.81|0|0
1743695047|19|67|0.72|0|0
1743709450|21|50|1.24|0|0
1743713051|20|43|1.33|0|0
1743716651|19|43|1.25|0|0
1743720252|18|48|1.07|0|0
1743723853|17|52|0.93|0|0
1743727453|16|52|0.87|0|0
1743731054|16|55|0.82|0|0
1743734655|15|57|0.73|0|0
1743738256|15|60|0.68|0|0
1743741857|14|61|0.62|0|0
1743745458|13|63|0.55|0|0
1743749059|13|63|0.55|0|0
1743752659|13|64|0.54|0|0
1743756260|12|65|0.49|0|0
1743759860|12|66|0.48|0|0
1743763462|12|67|0.46|0|0
1743767062|12|68|0.45|0|0
1743770662|13|63|0.55|0|0
1743774262|13|63|0.55|0|0
1743777863|14|61|0.62|0|0
1743781463|14|61|0.62|0|0
1743785063|15|59|0.70|0|0
1743788663|15|57|0.73|0|0
1743799466|16|54|0.84|0|0
1743821071|13|67|0.49|0|0
1743828272|13|68|0.48|0|0
1743831873|13|69|0.46|0|0
1743835474|13|71|0.43|0|0
1743846276|13|72|0.42|0|0
1743849877|13|74|0.39|0|0
1743853477|13|72|0.42|0|0
1743860679|14|68|0.51|0|0
1743871481|16|65|0.64|0|0
1743875081|17|64|0.70|0|0
1743878682|17|63|0.72|0|0
1743882283|17|63|0.72|0|0
1743889484|17|64|0.70|0|0
1743903887|17|75|0.48|0|0
1743907488|16|77|0.42|0|0
1743921891|16|76|0.44|0|0
1743936293|16|81|0.35|0|0
1743939894|16|79|0.38|0|0
1743943495|16|78|0.40|0|0
1743950696|17|78|0.43|0|0
1744040714|19|75|0.55|0|0
1744044314|19|79|0.46|0|0
1744047914|18|82|0.37|0|0
1744051514|18|85|0.31|0|0
1744055115|18|85|0.31|0|0
1744058715|18|86|0.29|0|0
1744065917|18|86|0.29|0|0
1744069517|18|89|0.23|0|0
1744073117|18|89|0.23|0|0
1744076717|18|89|0.23|0|0
1744080318|18|90|0.21|0|0
1744083918|18|90|0.21|0|0
1744087518|18|91|0.19|0|0
1744091118|18|90|0.21|0|0
1744094719|18|89|0.23|0|0
1744098319|18|89|0.23|0|0
1744101919|18|90|0.21|0|0
1744105519|18|89|0.23|0|1
1744109120|18|88|0.25|0|0
1744112720|18|87|0.27|0|0
1744116320|18|87|0.27|0|0
1744119920|19|87|0.29|0|0
1744123520|19|85|0.33|0|0
1744127120|20|81|0.44|0|0
1744130721|20|78|0.51|0|0
1744134321|21|79|0.52|0|0
1744137921|21|78|0.55|0|0
1744141521|21|78|0.55|0|0
1744145122|21|80|0.50|0|0
1744148722|21|82|0.45|0|0
1744152323|20|82|0.42|0|0
1744155923|20|84|0.37|0|0
1744159524|20|84|0.37|0|0
1744163124|20|83|0.40|0|0
1744166725|20|80|0.47|0|0
1744170325|20|78|0.51|0|0
1744173925|20|75|0.58|0|0
1744177525|20|76|0.56|0|0
1744181126|20|78|0.51|0|0
1744184726|19|80|0.44|0|0
1744188326|19|83|0.37|0|0
1744191927|19|85|0.33|0|0
1744401793|26|68|1.08|18|0
1744405393|26|69|1.04|24|0
1744408994|26|70|1.01|21|0
1744412594|27|67|1.18|17|0
1744416194|27|68|1.14|18|0
1744419794|27|68|1.14|20|0
1744423395|27|68|1.14|15|0
1744426995|27|68|1.14|21|0
1744430595|27|68|1.14|15|0
1744434196|27|67|1.18|14|0
1744437796|24|73|0.81|12|0
1744441397|21|88|0.30|20|0
1744444997|21|90|0.25|26|0
1744448598|21|90|0.25|9|0
1744452198|20|90|0.23|20|0
1744455798|20|92|0.19|20|0
1744459398|20|93|0.16|22|0
1744462999|21|86|0.35|14|0
1744466599|21|85|0.37|22|0
1744470199|21|85|0.37|10|0
1744473800|21|84|0.40|17|0
1744477400|22|81|0.50|23|0
1744481001|26|68|1.08|17|0
1744484601|27|58|1.50|13|0
1744488202|26|58|1.41|97|0
1744491802|26|57|1.45|98|0
1744495403|26|60|1.34|87|0
1744499003|25|61|1.24|79|0
1744502603|26|56|1.48|75|0
1744506204|25|56|1.39|72|0
1744509804|25|57|1.36|70|0
1744513405|25|56|1.39|67|0
1744517005|25|54|1.46|66|0
1744520606|25|55|1.43|66|0
1744524206|22|56|1.16|63|0
1744527806|17|71|0.56|64|0
1744531407|16|72|0.51|63|0
1744535007|16|72|0.51|61|0
1744538608|15|73|0.46|61|0
1744542208|15|75|0.43|61|0
1744545808|16|76|0.44|59|0
1744549409|16|77|0.42|59|0
1744553010|17|76|0.46|63|0
1744556610|18|74|0.54|64|0
1744560210|19|68|0.70|60|0
1744563811|19|65|0.77|59|0
1744567412|23|53|1.32|61|0
1744571012|25|55|1.43|61|0
1744574613|26|47|1.78|63|0
1744578213|26|44|1.88|61|0
1744581814|25|52|1.52|61|0
1744585414|26|54|1.55|60|0
1744589014|25|54|1.46|59|0
1744592615|26|53|1.58|57|0
1744596215|26|54|1.55|55|0
1744599815|26|54|1.55|54|0
1744603416|25|54|1.46|52|0
1744607017|26|54|1.55|53|0
1744610617|22|59|1.08|54|0
1744614217|15|73|0.46|54|0
1744617818|15|74|0.44|48|0
1744621418|15|74|0.44|49|0
1744625019|14|75|0.40|51|0
1744628619|14|77|0.37|45|0
1744632220|15|79|0.36|50|0
1744635821|16|78|0.40|48|0
1744639421|17|73|0.52|49|0
1744643021|18|74|0.54|43|0
1744646622|18|75|0.52|43|0
1744650223|19|73|0.59|44|0
1744653823|22|62|1.00|45|0
1744657424|25|55|1.43|44|0
1744661024|25|54|1.46|42|0
1744664624|25|56|1.39|44|0
1744668225|25|57|1.36|42|0
1744671825|25|58|1.33|41|0
1744675426|24|59|1.22|40|0
1744679026|24|60|1.19|42|0
1744682626|24|60|1.19|40|0
1744686227|24|59|1.22|40|0
1744689827|24|59|1.22|37|0
1744693428|24|59|1.22|38|0
1744697029|21|63|0.92|40|0
1744700629|18|74|0.54|42|0
1744704230|18|77|0.47|36|0
1744707831|18|78|0.45|32|0
1744711431|18|79|0.43|37|0
1744715032|18|80|0.41|32|0
1744718632|18|84|0.33|34|0
1744722232|18|83|0.35|39|0
1744725833|18|82|0.37|32|0
1744729433|18|80|0.41|38|0
1744733034|19|80|0.44|31|0
1744736634|19|78|0.48|28|0
1744740235|22|67|0.87|31|0
1744743835|24|66|1.01|92|0
1744747437|25|62|1.20|83|0
1744751037|25|63|1.17|78|0
1744754638|25|65|1.11|72|0
1744758239|25|65|1.11|72|0
1744761839|24|65|1.04|68|0
1744765440|24|65|1.04|69|0
1744769040|24|65|1.04|66|0
1744772641|23|65|0.98|66|0
1744776241|24|66|1.01|65|0
1744779842|23|65|0.98|63|0
1744783442|20|71|0.68|64|0
1744787043|18|81|0.39|62|0
1744790644|17|82|0.35|62|0
1744794245|17|83|0.33|60|0
1744797845|16|83|0.31|60|0
1744801446|16|84|0.29|59|0
1744805047|17|85|0.29|59|0
1744808648|17|83|0.33|61|0
1744812248|18|81|0.39|59|0
1744815849|18|82|0.37|63|0
1744819450|18|82|0.37|60|0
1744823051|19|82|0.40|63|0
1744826651|22|71|0.77|62|0
1744830251|25|63|1.17|62|0
1744833852|25|62|1.20|60|0
1744837453|24|62|1.13|59|0
1744841053|24|62|1.13|60|0
1744844654|24|60|1.19|59|0
1744848254|24|65|1.04|58|0
1744851855|24|65|1.04|57|0
1744855456|23|64|1.01|57|0
1744859056|23|65|0.98|56|0
1744862657|23|65|0.98|54|0
1744866257|23|65|0.98|54|0
1744869858|20|72|0.65|55|0
1744873459|17|84|0.31|52|0
1744877060|17|86|0.27|48|0
1744880660|16|85|0.27|54|0
1744884261|16|85|0.27|46|0
1744887862|16|85|0.27|46|0
1744891462|16|87|0.24|46|0
1744895063|16|85|0.27|50|0
1744898663|17|86|0.27|44|0
1744902264|18|87|0.27|46|0
1744905864|18|88|0.25|47|0
1744909465|19|88|0.26|44|0
1744913065|23|75|0.70|47|0
1744916666|25|65|1.11|46|0
1744920267|25|62|1.20|47|0
1744923867|24|62|1.13|46|0
1744927468|24|63|1.10|42|0
1744931068|24|65|1.04|46|0
1744934669|23|64|1.01|44|0
1744938269|23|65|0.98|41|0
1744941870|23|66|0.95|41|0
1744945471|23|66|0.95|40|0
1744949071|23|66|0.95|39|0
1744952671|23|66|0.95|40|0
1744956272|20|75|0.58|37|0
1744959873|17|87|0.25|43|0
1744963473|17|89|0.21|35|0
1744967074|16|89|0.20|36|0
1744970675|16|89|0.20|42|0
1744974275|16|89|0.20|38|0
1744977876|16|89|0.20|35|0
1744981477|16|91|0.16|32|0
1744985077|17|88|0.23|38|0
1744988678|17|90|0.19|32|0
1744992278|18|89|0.23|31|0
1744995879|18|86|0.29|32|0
1744999480|22|71|0.77|32|0
1745003080|24|59|1.22|31|0
1745006681|24|58|1.25|35|0
1745010281|26|58|1.41|35|0
1745013882|26|61|1.31|32|0
1745017483|21|55|1.12|33|0
1745021083|20|56|1.03|32|0
1745024684|24|58|1.25|31|0
1745028284|24|59|1.22|28|0
1745031885|24|61|1.16|33|0
1745035486|23|59|1.15|27|0
1745039086|23|61|1.10|31|0
1745042687|18|58|0.87|29|0
1745046288|14|69|0.50|34|0
1745049888|13|71|0.43|29|0
1745053489|13|72|0.42|26|0
1745057090|13|73|0.40|32|0
1745060691|13|73|0.40|24|0
1745064291|13|74|0.39|20|0
1745067892|14|74|0.42|19|0
1745071492|14|75|0.40|25|0
1745075093|15|75|0.43|20|0
1745078694|16|73|0.49|29|0
1745082295|16|71|0.53|21|0
1745085895|21|56|1.09|23|0
1745089496|20|56|1.03|80|0
1745093096|22|55|1.19|89|0
1745096697|22|54|1.22|82|0
1745100297|22|56|1.16|76|0
1745103898|21|59|1.02|71|0
1745107498|21|59|1.02|70|0
1745111099|21|59|1.02|69|0
1745114700|20|59|0.96|69|0
1745118301|20|59|0.96|68|0
1745121901|20|58|0.98|67|0
1745125502|21|54|1.14|66|0
1745129102|16|65|0.64|67|0
1745132703|13|77|0.34|64|0
1745136304|13|78|0.33|65|0
1745139904|12|79|0.29|63|0
1745143505|12|79|0.29|61|0
1745147105|12|81|0.27|62|0
1745150706|13|83|0.25|61|0
1745154306|13|82|0.27|61|0
1745157907|14|80|0.32|62|0
1745161507|15|77|0.39|65|0
1745165108|15|75|0.43|63|0
1745168708|16|72|0.51|65|0
1745172309|21|58|1.04|64|0
1745175910|22|56|1.16|66|0
1745179510|22|56|1.16|64|0
1745183110|22|55|1.19|64|0
1745186711|22|56|1.16|65|0
1745190312|21|58|1.04|64|0
1745193912|21|59|1.02|64|0
1745197513|21|59|1.02|63|0
1745201113|20|59|0.96|62|0
1745204714|20|59|0.96|61|0
1745208314|20|59|0.96|62|0
1745211915|20|59|0.96|61|0
1745215515|17|69|0.60|62|0
1745219116|14|81|0.30|58|0
1745222716|14|82|0.29|60|0
1745226317|14|82|0.29|60|0
1745229918|14|83|0.27|61|0
1745233518|14|82|0.29|58|0
1745237119|15|81|0.32|56|0
1745240719|15|78|0.37|59|0
1745244320|16|77|0.42|61|0
1745247920|16|77|0.42|58|0
1745251521|16|76|0.44|60|0
1745255121|17|77|0.45|60|0
1745258722|21|63|0.92|57|0
1745262322|23|57|1.21|56|0
1745265923|24|57|1.28|58|0
1745269523|24|58|1.25|56|0
1745273124|24|57|1.28|56|0
1745276724|24|58|1.25|57|0
1745280325|24|59|1.22|56|0
1745283926|24|61|1.16|55|0
1745287526|24|62|1.13|52|0
1745291126|23|63|1.04|55|0
1745294727|23|63|1.04|51|0
1745298328|23|64|1.01|52|0
1745301928|20|73|0.63|52|0
1745305529|17|80|0.39|49|0
1745309129|17|82|0.35|47|0
1745312730|17|83|0.33|46|0
1745316331|16|84|0.29|45|0
1745319931|16|84|0.29|49|0
1745323532|17|82|0.35|50|0
1745327132|17|81|0.37|49|0
1745330733|18|77|0.47|42|0
